
Subcircuit summary:
Circuit 1: assgn2_trial                    |Circuit 2: not1                            
-------------------------------------------|-------------------------------------------
sg13_lv_nmos (1)                           |(no matching element)                      
sg13_lv_pmos (1)                           |(no matching element)                      
(no matching element)                      |sky130_fd_pr__nfet_01v8 (1)                
(no matching element)                      |sky130_fd_pr__pfet_01v8 (1)                
Number of devices: 2                       |Number of devices: 2                       
Number of nets: 4                          |Number of nets: 4                          
---------------------------------------------------------------------------------------
NET mismatches: Class fragments follow (with fanout counts):
Circuit 1: assgn2_trial                    |Circuit 2: not1                            

---------------------------------------------------------------------------------------
Net: vdd                                   |Net: vdd                                   
  sg13_lv_pmos/3 = 1                       |  sky130_fd_pr__pfet_01v8/(1|3) = 1        
  sg13_lv_pmos/4 = 1                       |  sky130_fd_pr__pfet_01v8/4 = 1            
                                           |                                           
Net: vss                                   |Net: vss                                   
  sg13_lv_nmos/3 = 1                       |  sky130_fd_pr__nfet_01v8/(1|3) = 1        
  sg13_lv_nmos/4 = 1                       |  sky130_fd_pr__nfet_01v8/4 = 1            
                                           |                                           
Net: a_n10_n92#                            |Net: A                                     
  sg13_lv_nmos/2 = 1                       |  sky130_fd_pr__nfet_01v8/2 = 1            
  sg13_lv_pmos/2 = 1                       |  sky130_fd_pr__pfet_01v8/2 = 1            
                                           |                                           
Net: y                                     |Net: y                                     
  sg13_lv_nmos/1 = 1                       |  sky130_fd_pr__nfet_01v8/(1|3) = 1        
  sg13_lv_pmos/1 = 1                       |  sky130_fd_pr__pfet_01v8/(1|3) = 1        
---------------------------------------------------------------------------------------
DEVICE mismatches: Class fragments follow (with node fanout counts):
Circuit 1: assgn2_trial                    |Circuit 2: not1                            

---------------------------------------------------------------------------------------
Instance: sg13_lv_nmos:0                   |Instance: sky130_fd_pr__nfet_01v8:m02      
  1 = 2                                    |  (1,3) = (2,2)                            
  2 = 2                                    |  2 = 2                                    
  3 = 2                                    |  4 = 2                                    
  4 = 2                                    |                                           
                                           |                                           
Instance: sg13_lv_pmos:1                   |Instance: sky130_fd_pr__pfet_01v8:m01      
  1 = 2                                    |  (1,3) = (2,2)                            
  2 = 2                                    |  2 = 2                                    
  3 = 2                                    |  4 = 2                                    
  4 = 2                                    |                                           
---------------------------------------------------------------------------------------
Netlists do not match.
Port matching may fail to disambiguate symmetries.

Subcircuit pins:
Circuit 1: assgn2_trial                    |Circuit 2: not1                            
-------------------------------------------|-------------------------------------------
vdd                                        |vdd                                        
vss                                        |vss                                        
a_n10_n92#                                 |A **Mismatch**                             
y                                          |y                                          
---------------------------------------------------------------------------------------
Cell pin lists for assgn2_trial and not1 altered to match.
Device classes assgn2_trial and not1 are equivalent.

Final result: Top level cell failed pin matching.
